<?xml version="1.0" encoding="UTF-8"?>
<!-- Generated by org.testng.reporters.JUnitReportReporter -->
<testsuite hostname="LAPTOP-7DJ18U3D" failures="0" tests="3" name="TestRunner.MyTestRunnerTestng" time="13.678" errors="0" timestamp="2022-11-24T10:58:56 IST" skipped="0">
  <testcase classname="TestRunner.MyTestRunnerTestng" name="runScenario" time="6.048"/>
  <system-out/>
  <testcase classname="TestRunner.MyTestRunnerTestng" name="runScenario" time="4.727"/>
  <system-out/>
  <testcase classname="TestRunner.MyTestRunnerTestng" name="runScenario" time="2.903"/>
  <system-out/>
</testsuite> <!-- TestRunner.MyTestRunnerTestng -->
