<?xml version="1.0" encoding="UTF-8"?>
<!-- Generated by org.testng.reporters.JUnitReportReporter -->
<testsuite hostname="LAPTOP-7DJ18U3D" failures="0" tests="3" name="TestRunner.MyTestRunnerTestng" time="16.516" errors="0" timestamp="23 Nov 2022 10:08:10 GMT" skipped="0">
  <testcase classname="TestRunner.MyTestRunnerTestng" name="runScenario" time="8.461"/>
  <testcase classname="TestRunner.MyTestRunnerTestng" name="runScenario" time="4.096"/>
  <testcase classname="TestRunner.MyTestRunnerTestng" name="runScenario" time="3.959"/>
</testsuite> <!-- TestRunner.MyTestRunnerTestng -->
