<?xml version="1.0" encoding="UTF-8"?>
<!-- Generated by org.testng.reporters.JUnitReportReporter -->
<testsuite hostname="LAPTOP-7DJ18U3D" failures="0" tests="3" name="TestRunner.MyTestRunnerTestng" time="24.687" errors="0" timestamp="23 Nov 2022 11:16:53 GMT" skipped="0">
  <testcase classname="TestRunner.MyTestRunnerTestng" name="runScenario" time="13.129"/>
  <testcase classname="TestRunner.MyTestRunnerTestng" name="runScenario" time="5.951"/>
  <testcase classname="TestRunner.MyTestRunnerTestng" name="runScenario" time="5.607"/>
</testsuite> <!-- TestRunner.MyTestRunnerTestng -->
